[debug] [2022-08-22T05:36:19.449Z] ----------------------------------------------------------------------
[debug] [2022-08-22T05:36:19.451Z] Command:       /usr/local/bin/node /usr/local/bin/firebase deploy
[debug] [2022-08-22T05:36:19.451Z] CLI Version:   11.7.0
[debug] [2022-08-22T05:36:19.451Z] Platform:      darwin
[debug] [2022-08-22T05:36:19.451Z] Node Version:  v14.18.1
[debug] [2022-08-22T05:36:19.457Z] Time:          Mon Aug 22 2022 12:36:19 GMT+0700 (Indochina Time)
[debug] [2022-08-22T05:36:19.457Z] ----------------------------------------------------------------------
[debug] 
[debug] [2022-08-22T05:36:19.513Z] > command requires scopes: ["email","openid","https://www.googleapis.com/auth/cloudplatformprojects.readonly","https://www.googleapis.com/auth/firebase","https://www.googleapis.com/auth/cloud-platform"]
[debug] [2022-08-22T05:36:19.514Z] > authorizing via signed-in user (tvlinh.it@gmail.com)
[debug] [2022-08-22T05:36:19.514Z] [iam] checking project linhhanwedding for permissions ["firebase.projects.get","firebasehosting.sites.update"]
[debug] [2022-08-22T05:36:19.516Z] > refreshing access token with scopes: []
[debug] [2022-08-22T05:36:19.517Z] >>> [apiv2][query] POST https://www.googleapis.com/oauth2/v3/token [none]
[debug] [2022-08-22T05:36:19.517Z] >>> [apiv2][body] POST https://www.googleapis.com/oauth2/v3/token [omitted]
[debug] [2022-08-22T05:36:49.554Z] [iam] error while checking permissions, command may fail: FirebaseError: Authentication Error: Your credentials are no longer valid. Please run firebase login --reauth

For CI servers and headless environments, generate a new token with firebase login:ci
[debug] [2022-08-22T05:36:49.560Z] > refreshing access token with scopes: []
[debug] [2022-08-22T05:36:49.562Z] >>> [apiv2][query] POST https://www.googleapis.com/oauth2/v3/token [none]
[debug] [2022-08-22T05:36:49.562Z] >>> [apiv2][body] POST https://www.googleapis.com/oauth2/v3/token [omitted]
[debug] [2022-08-22T05:37:16.559Z] ----------------------------------------------------------------------
[debug] [2022-08-22T05:37:16.560Z] Command:       /usr/local/bin/node /usr/local/bin/firebase deploy
[debug] [2022-08-22T05:37:16.561Z] CLI Version:   11.7.0
[debug] [2022-08-22T05:37:16.561Z] Platform:      darwin
[debug] [2022-08-22T05:37:16.561Z] Node Version:  v14.18.1
[debug] [2022-08-22T05:37:16.561Z] Time:          Mon Aug 22 2022 12:37:16 GMT+0700 (Indochina Time)
[debug] [2022-08-22T05:37:16.562Z] ----------------------------------------------------------------------
[debug] 
[debug] [2022-08-22T05:37:16.615Z] > command requires scopes: ["email","openid","https://www.googleapis.com/auth/cloudplatformprojects.readonly","https://www.googleapis.com/auth/firebase","https://www.googleapis.com/auth/cloud-platform"]
[debug] [2022-08-22T05:37:16.615Z] > authorizing via signed-in user (tvlinh.it@gmail.com)
[debug] [2022-08-22T05:37:16.615Z] [iam] checking project linhhanwedding for permissions ["firebase.projects.get","firebasehosting.sites.update"]
[debug] [2022-08-22T05:37:16.617Z] > refreshing access token with scopes: []
[debug] [2022-08-22T05:37:16.618Z] >>> [apiv2][query] POST https://www.googleapis.com/oauth2/v3/token [none]
[debug] [2022-08-22T05:37:16.618Z] >>> [apiv2][body] POST https://www.googleapis.com/oauth2/v3/token [omitted]
[debug] [2022-08-22T05:37:24.680Z] [iam] error while checking permissions, command may fail: FirebaseError: Authentication Error: Your credentials are no longer valid. Please run firebase login --reauth

For CI servers and headless environments, generate a new token with firebase login:ci
[debug] [2022-08-22T05:37:24.686Z] > refreshing access token with scopes: []
[debug] [2022-08-22T05:37:24.687Z] >>> [apiv2][query] POST https://www.googleapis.com/oauth2/v3/token [none]
[debug] [2022-08-22T05:37:24.687Z] >>> [apiv2][body] POST https://www.googleapis.com/oauth2/v3/token [omitted]
[debug] [2022-08-22T05:37:24.698Z] Authentication Error: Your credentials are no longer valid. Please run firebase login --reauth

For CI servers and headless environments, generate a new token with firebase login:ci
[debug] [2022-08-22T05:37:24.744Z] FirebaseError: Authentication Error: Your credentials are no longer valid. Please run firebase login --reauth

For CI servers and headless environments, generate a new token with firebase login:ci
    at invalidCredentialError (/usr/local/lib/node_modules/firebase-tools/lib/auth.js:144:12)
    at refreshTokens (/usr/local/lib/node_modules/firebase-tools/lib/auth.js:508:15)
    at processTicksAndRejections (internal/process/task_queues.js:95:5)
    at async Client.getAccessToken (/usr/local/lib/node_modules/firebase-tools/lib/apiv2.js:149:23)
    at async Client.addAuthHeader (/usr/local/lib/node_modules/firebase-tools/lib/apiv2.js:140:21)
    at async Client.request (/usr/local/lib/node_modules/firebase-tools/lib/apiv2.js:96:34)
    at async getFirebaseProject (/usr/local/lib/node_modules/firebase-tools/lib/management/projects.js:295:21)
    at async getDefaultHostingSite (/usr/local/lib/node_modules/firebase-tools/lib/getDefaultHostingSite.js:8:21)
    at async requireHostingSite (/usr/local/lib/node_modules/firebase-tools/lib/requireHostingSite.js:9:18)
    at async Object.fn (/usr/local/lib/node_modules/firebase-tools/lib/commands/deploy.js:74:9)
    at async /usr/local/lib/node_modules/firebase-tools/lib/command.js:214:17
[error] 
[error] Error: Failed to get Firebase project linhhanwedding. Please make sure the project exists and your account has permission to access it.
[debug] [2022-08-22T05:37:36.814Z] ----------------------------------------------------------------------
[debug] [2022-08-22T05:37:36.816Z] Command:       /usr/local/bin/node /usr/local/bin/firebase deploy
[debug] [2022-08-22T05:37:36.816Z] CLI Version:   11.7.0
[debug] [2022-08-22T05:37:36.816Z] Platform:      darwin
[debug] [2022-08-22T05:37:36.816Z] Node Version:  v14.18.1
[debug] [2022-08-22T05:37:36.817Z] Time:          Mon Aug 22 2022 12:37:36 GMT+0700 (Indochina Time)
[debug] [2022-08-22T05:37:36.817Z] ----------------------------------------------------------------------
[debug] 
[debug] [2022-08-22T05:37:36.872Z] > command requires scopes: ["email","openid","https://www.googleapis.com/auth/cloudplatformprojects.readonly","https://www.googleapis.com/auth/firebase","https://www.googleapis.com/auth/cloud-platform"]
[debug] [2022-08-22T05:37:36.872Z] > authorizing via signed-in user (tvlinh.it@gmail.com)
[debug] [2022-08-22T05:37:36.872Z] [iam] checking project linhhanwedding for permissions ["firebase.projects.get","firebasehosting.sites.update"]
[debug] [2022-08-22T05:37:36.874Z] > refreshing access token with scopes: []
[debug] [2022-08-22T05:37:36.875Z] >>> [apiv2][query] POST https://www.googleapis.com/oauth2/v3/token [none]
[debug] [2022-08-22T05:37:36.875Z] >>> [apiv2][body] POST https://www.googleapis.com/oauth2/v3/token [omitted]
